Arguments: 
  /usr/local/Cellar/node/8.1.4/bin/node /usr/local/bin/yarn

PATH: 
  /usr/local/bin:/usr/bin:/bin:/usr/sbin:/sbin

Yarn version: 
  0.27.5

Node version: 
  8.1.4

Platform: 
  darwin x64

npm manifest: 
  {
    "name": "MERCADO-LIVRE-API",
    "version": "0.0.1",
    "description": "",
    "main": "index.js",
    "scripts": {
      "build": "npm run clean && babel app -d build",
      "clean": "rm -rf build && mkdir build",
      "start": "nodemon",
      "test": "NODE_ENV=test mocha --recursive --reporter spec --compilers js:babel-register tests",
      "lint": "eslint app",
      "test:watch": "nodemon --exec 'npm run test' tests",
      "coverage": "NODE_ENV=test babel-node ./node_modules/.bin/isparta cover _mocha -- --recursive --reporter spec --compilers js:babel-register tests",
      "validate": "npm run test && npm outdated --depth 0"
    },
    "engines": {
      "node": ">= 6",
      "npm": ">= 3"
    },
    "author": "Ricardo Junior <eu@ricardojr.com.br>",
    "dependencies": {
      "babel-core": "^6.18.0",
      "bcrypt": "^1.0.0",
      "body-parser": "^1.15.2",
      "cors": "^2.8.1",
      "dotenv": "^4.0.0",
      "express": "^4.14.0",
      "helmet": "^3.1.0",
      "jsonwebtoken": "^7.1.0",
      "lodash": "^4.16.4",
      "method-override": "^2.3.6",
      "mongoose": "^4.6.5",
      "morgan": "^1.7.0",
      "multer": "^1.2.0"
    },
    "devDependencies": {
      "babel-cli": "^6.18.0",
      "babel-eslint": "^7.0.0",
      "babel-plugin-transform-runtime": "^6.22.0",
      "babel-preset-es2015": "^6.18.0",
      "babel-preset-stage-0": "^6.16.0",
      "babel-register": "^6.18.0",
      "chai": "^3.5.0",
      "chai-http": "^3.0.0",
      "eslint": "^3.8.1",
      "eslint-config-google": "^0.7.1",
      "eslint-plugin-babel": "^4.0.0",
      "faker": "^3.1.0",
      "isparta": "^4.0.0",
      "mocha": "^3.1.2",
      "nodemon": "^1.11.0"
    }
  }

yarn manifest: 
  No manifest

Lockfile: 
  No lockfile

Trace: 
  Error: https://registry.yarnpkg.com/body-parser: ETIMEDOUT
      at Timeout._onTimeout (/usr/local/Cellar/yarn/0.27.5/libexec/lib/yarn-cli.js:114906:19)
      at ontimeout (timers.js:488:11)
      at tryOnTimeout (timers.js:323:5)
      at Timer.listOnTimeout (timers.js:283:5)
